# JRE version: Java(TM) SE Runtime Environment (8.0_112-b15) (build 1.8.0_112-b15)
# Java VM: Java HotSpot(TM) 64-Bit Server VM (25.112-b15 mixed mode windows-amd64 compressed oops)
Heap:
 PSYoungGen      total 186880K, used 91607K [0x00000000f0000000, 0x00000000fc300000, 0x0000000100000000)
  eden space 178688K, 46% used [0x00000000f0000000,0x00000000f517a9f8,0x00000000fae80000)
  from space 8192K, 99% used [0x00000000fbb00000,0x00000000fc2fb2c0,0x00000000fc300000)
  to   space 9728K, 0% used [0x00000000fb000000,0x00000000fb000000,0x00000000fb980000)
 ParOldGen       total 58880K, used 17522K [0x00000000d0000000, 0x00000000d3980000, 0x00000000f0000000)
  object space 58880K, 29% used [0x00000000d0000000,0x00000000d111cba8,0x00000000d3980000)
 Metaspace       used 48050K, capacity 48450K, committed 48680K, reserved 1089536K
  class space    used 9058K, capacity 9176K, committed 9256K, reserved 1048576K
GC Heap History (10 events):
Event: 25.940 GC heap before
{Heap before GC invocations=14 (full 2):
 PSYoungGen      total 79360K, used 76105K [0x00000000f0000000, 0x00000000f6b80000, 0x0000000100000000)
  eden space 71168K, 100% used [0x00000000f0000000,0x00000000f4580000,0x00000000f4580000)
  from space 8192K, 60% used [0x00000000f4580000,0x00000000f4a52718,0x00000000f4d80000)
  to   space 7680K, 0% used [0x00000000f6400000,0x00000000f6400000,0x00000000f6b80000)
 ParOldGen       total 58880K, used 11914K [0x00000000d0000000, 0x00000000d3980000, 0x00000000f0000000)
  object space 58880K, 20% used [0x00000000d0000000,0x00000000d0ba2b88,0x00000000d3980000)
 Metaspace       used 40909K, capacity 41268K, committed 41640K, reserved 1083392K
  class space    used 8123K, capacity 8233K, committed 8360K, reserved 1048576K
Event: 25.955 GC heap after
Heap after GC invocations=14 (full 2):
 PSYoungGen      total 101888K, used 1610K [0x00000000f0000000, 0x00000000f6f00000, 0x0000000100000000)
  eden space 94208K, 0% used [0x00000000f0000000,0x00000000f0000000,0x00000000f5c00000)
  from space 7680K, 20% used [0x00000000f6400000,0x00000000f6592830,0x00000000f6b80000)
  to   space 8192K, 0% used [0x00000000f5c00000,0x00000000f5c00000,0x00000000f6400000)
 ParOldGen       total 58880K, used 13495K [0x00000000d0000000, 0x00000000d3980000, 0x00000000f0000000)
  object space 58880K, 22% used [0x00000000d0000000,0x00000000d0d2dc18,0x00000000d3980000)
 Metaspace       used 40909K, capacity 41268K, committed 41640K, reserved 1083392K
  class space    used 8123K, capacity 8233K, committed 8360K, reserved 1048576K
}
Event: 26.566 GC heap before
{Heap before GC invocations=15 (full 2):
 PSYoungGen      total 101888K, used 95818K [0x00000000f0000000, 0x00000000f6f00000, 0x0000000100000000)
  eden space 94208K, 100% used [0x00000000f0000000,0x00000000f5c00000,0x00000000f5c00000)
  from space 7680K, 20% used [0x00000000f6400000,0x00000000f6592830,0x00000000f6b80000)
  to   space 8192K, 0% used [0x00000000f5c00000,0x00000000f5c00000,0x00000000f6400000)
 ParOldGen       total 58880K, used 13495K [0x00000000d0000000, 0x00000000d3980000, 0x00000000f0000000)
  object space 58880K, 22% used [0x00000000d0000000,0x00000000d0d2dc18,0x00000000d3980000)
 Metaspace       used 41291K, capacity 41598K, committed 41896K, reserved 1083392K
  class space    used 8185K, capacity 8299K, committed 8360K, reserved 1048576K
Event: 26.578 GC heap after
Heap after GC invocations=15 (full 2):
 PSYoungGen      total 102400K, used 2424K [0x00000000f0000000, 0x00000000f9080000, 0x0000000100000000)
  eden space 94208K, 0% used [0x00000000f0000000,0x00000000f0000000,0x00000000f5c00000)
  from space 8192K, 29% used [0x00000000f5c00000,0x00000000f5e5e288,0x00000000f6400000)
  to   space 8192K, 0% used [0x00000000f8880000,0x00000000f8880000,0x00000000f9080000)
 ParOldGen       total 58880K, used 14400K [0x00000000d0000000, 0x00000000d3980000, 0x00000000f0000000)
  object space 58880K, 24% used [0x00000000d0000000,0x00000000d0e10088,0x00000000d3980000)
 Metaspace       used 41291K, capacity 41598K, committed 41896K, reserved 1083392K
  class space    used 8185K, capacity 8299K, committed 8360K, reserved 1048576K
}
Event: 27.116 GC heap before
{Heap before GC invocations=16 (full 2):
 PSYoungGen      total 102400K, used 96632K [0x00000000f0000000, 0x00000000f9080000, 0x0000000100000000)
  eden space 94208K, 100% used [0x00000000f0000000,0x00000000f5c00000,0x00000000f5c00000)
  from space 8192K, 29% used [0x00000000f5c00000,0x00000000f5e5e288,0x00000000f6400000)
  to   space 8192K, 0% used [0x00000000f8880000,0x00000000f8880000,0x00000000f9080000)
 ParOldGen       total 58880K, used 14400K [0x00000000d0000000, 0x00000000d3980000, 0x00000000f0000000)
  object space 58880K, 24% used [0x00000000d0000000,0x00000000d0e10088,0x00000000d3980000)
 Metaspace       used 41350K, capacity 41732K, committed 41896K, reserved 1083392K
  class space    used 8186K, capacity 8301K, committed 8360K, reserved 1048576K
Event: 27.121 GC heap after
Heap after GC invocations=16 (full 2):
 PSYoungGen      total 138752K, used 2368K [0x00000000f0000000, 0x00000000f9000000, 0x0000000100000000)
  eden space 131072K, 0% used [0x00000000f0000000,0x00000000f0000000,0x00000000f8000000)
  from space 7680K, 30% used [0x00000000f8880000,0x00000000f8ad0070,0x00000000f9000000)
  to   space 8192K, 0% used [0x00000000f8000000,0x00000000f8000000,0x00000000f8800000)
 ParOldGen       total 58880K, used 14992K [0x00000000d0000000, 0x00000000d3980000, 0x00000000f0000000)
  object space 58880K, 25% used [0x00000000d0000000,0x00000000d0ea40a8,0x00000000d3980000)
 Metaspace       used 41350K, capacity 41732K, committed 41896K, reserved 1083392K
  class space    used 8186K, capacity 8301K, committed 8360K, reserved 1048576K
}
Event: 27.749 GC heap before
{Heap before GC invocations=17 (full 2):
 PSYoungGen      total 138752K, used 133440K [0x00000000f0000000, 0x00000000f9000000, 0x0000000100000000)
  eden space 131072K, 100% used [0x00000000f0000000,0x00000000f8000000,0x00000000f8000000)
  from space 7680K, 30% used [0x00000000f8880000,0x00000000f8ad0070,0x00000000f9000000)
  to   space 8192K, 0% used [0x00000000f8000000,0x00000000f8000000,0x00000000f8800000)
 ParOldGen       total 58880K, used 14992K [0x00000000d0000000, 0x00000000d3980000, 0x00000000f0000000)
  object space 58880K, 25% used [0x00000000d0000000,0x00000000d0ea40a8,0x00000000d3980000)
 Metaspace       used 41799K, capacity 42256K, committed 42536K, reserved 1083392K
  class space    used 8279K, capacity 8437K, committed 8488K, reserved 1048576K
Event: 27.759 GC heap after
Heap after GC invocations=17 (full 2):
 PSYoungGen      total 139264K, used 3291K [0x00000000f0000000, 0x00000000fc300000, 0x0000000100000000)
  eden space 131072K, 0% used [0x00000000f0000000,0x00000000f0000000,0x00000000f8000000)
  from space 8192K, 40% used [0x00000000f8000000,0x00000000f8336d58,0x00000000f8800000)
  to   space 8192K, 0% used [0x00000000fbb00000,0x00000000fbb00000,0x00000000fc300000)
 ParOldGen       total 58880K, used 15496K [0x00000000d0000000, 0x00000000d3980000, 0x00000000f0000000)
  object space 58880K, 26% used [0x00000000d0000000,0x00000000d0f220b8,0x00000000d3980000)
 Metaspace       used 41799K, capacity 42256K, committed 42536K, reserved 1083392K
  class space    used 8279K, capacity 8437K, committed 8488K, reserved 1048576K
}
Event: 36.742 GC heap before
{Heap before GC invocations=18 (full 2):
 PSYoungGen      total 139264K, used 134363K [0x00000000f0000000, 0x00000000fc300000, 0x0000000100000000)
  eden space 131072K, 100% used [0x00000000f0000000,0x00000000f8000000,0x00000000f8000000)
  from space 8192K, 40% used [0x00000000f8000000,0x00000000f8336d58,0x00000000f8800000)
  to   space 8192K, 0% used [0x00000000fbb00000,0x00000000fbb00000,0x00000000fc300000)
 ParOldGen       total 58880K, used 15496K [0x00000000d0000000, 0x00000000d3980000, 0x00000000f0000000)
  object space 58880K, 26% used [0x00000000d0000000,0x00000000d0f220b8,0x00000000d3980000)
 Metaspace       used 47726K, capacity 48130K, committed 48424K, reserved 1089536K
  class space    used 9053K, capacity 9176K, committed 9256K, reserved 1048576K
Event: 36.758 GC heap after
Heap after GC invocations=18 (full 2):
 PSYoungGen      total 186880K, used 8172K [0x00000000f0000000, 0x00000000fc300000, 0x0000000100000000)
  eden space 178688K, 0% used [0x00000000f0000000,0x00000000f0000000,0x00000000fae80000)
  from space 8192K, 99% used [0x00000000fbb00000,0x00000000fc2fb2c0,0x00000000fc300000)
  to   space 9728K, 0% used [0x00000000fb000000,0x00000000fb000000,0x00000000fb980000)
 ParOldGen       total 58880K, used 17522K [0x00000000d0000000, 0x00000000d3980000, 0x00000000f0000000)
  object space 58880K, 29% used [0x00000000d0000000,0x00000000d111cba8,0x00000000d3980000)
 Metaspace       used 47726K, capacity 48130K, committed 48424K, reserved 1089536K
  class space    used 9053K, capacity 9176K, committed 9256K, reserved 1048576K
}

